Traceback (most recent call last):
  File "/Users/cjstein/Code/Automatic_Mixing_Tutorial-ISMIR_2022/env/lib/python3.9/site-packages/jupyter_cache/executors/utils.py", line 51, in single_nb_execution
    executenb(
  File "/Users/cjstein/Code/Automatic_Mixing_Tutorial-ISMIR_2022/env/lib/python3.9/site-packages/nbclient/client.py", line 1204, in execute
    return NotebookClient(nb=nb, resources=resources, km=km, **kwargs).execute()
  File "/Users/cjstein/Code/Automatic_Mixing_Tutorial-ISMIR_2022/env/lib/python3.9/site-packages/nbclient/util.py", line 84, in wrapped
    return just_run(coro(*args, **kwargs))
  File "/Users/cjstein/Code/Automatic_Mixing_Tutorial-ISMIR_2022/env/lib/python3.9/site-packages/nbclient/util.py", line 62, in just_run
    return loop.run_until_complete(coro)
  File "/opt/homebrew/Cellar/python@3.9/3.9.10/Frameworks/Python.framework/Versions/3.9/lib/python3.9/asyncio/base_events.py", line 642, in run_until_complete
    return future.result()
  File "/Users/cjstein/Code/Automatic_Mixing_Tutorial-ISMIR_2022/env/lib/python3.9/site-packages/nbclient/client.py", line 663, in async_execute
    await self.async_execute_cell(
  File "/Users/cjstein/Code/Automatic_Mixing_Tutorial-ISMIR_2022/env/lib/python3.9/site-packages/nbclient/client.py", line 965, in async_execute_cell
    await self._check_raise_for_error(cell, cell_index, exec_reply)
  File "/Users/cjstein/Code/Automatic_Mixing_Tutorial-ISMIR_2022/env/lib/python3.9/site-packages/nbclient/client.py", line 862, in _check_raise_for_error
    raise CellExecutionError.from_cell_and_msg(cell, exec_reply_content)
nbclient.exceptions.CellExecutionError: An error occurred while executing the following cell:
------------------
import torch
import pytorch_lightning as pl

from automix.data import DSD100Dataset
from automix.system import System
------------------

[0;31m---------------------------------------------------------------------------[0m
[0;31mModuleNotFoundError[0m                       Traceback (most recent call last)
Input [0;32mIn [1][0m, in [0;36m<cell line: 1>[0;34m()[0m
[0;32m----> 1[0m [38;5;28;01mimport[39;00m [38;5;21;01mtorch[39;00m
[1;32m      2[0m [38;5;28;01mimport[39;00m [38;5;21;01mpytorch_lightning[39;00m [38;5;28;01mas[39;00m [38;5;21;01mpl[39;00m
[1;32m      4[0m [38;5;28;01mfrom[39;00m [38;5;21;01mautomix[39;00m[38;5;21;01m.[39;00m[38;5;21;01mdata[39;00m [38;5;28;01mimport[39;00m DSD100Dataset

[0;31mModuleNotFoundError[0m: No module named 'torch'
ModuleNotFoundError: No module named 'torch'

